<?xml version="1.0" encoding="UTF-8"?>
<!-- Generated by org.testng.reporters.JUnitXMLReporter -->
<testsuite ignored="0" hostname="KALPESH" failures="0" tests="3" name="Default test" time="13.619" errors="0" timestamp="2026-05-16T05:51:28 IST">
  <testcase classname="com.qa.tests.SauceDemoTest" name="verifyValidLogin" time="0.693"/>
  <testcase classname="com.qa.tests.SauceDemoTest" name="verifyAddProductToCart" time="0.962"/>
  <testcase classname="com.qa.tests.SauceDemoTest" name="verifySuccessfulCheckout" time="1.881"/>
</testsuite> <!-- Default test -->
