<?xml version="1.0" encoding="UTF-8"?>
<testng-results ignored="0" total="3" passed="3" failed="0" skipped="0">
  <reporter-output>
  </reporter-output>
  <suite started-at="2026-05-16T05:51:15 IST" name="Default suite" finished-at="2026-05-16T05:51:28 IST" duration-ms="13619">
    <groups>
    </groups>
    <test started-at="2026-05-16T05:51:15 IST" name="Default test" finished-at="2026-05-16T05:51:28 IST" duration-ms="13619">
      <class name="com.qa.tests.SauceDemoTest">
        <test-method is-config="true" signature="setup()[pri:0, instance:com.qa.tests.SauceDemoTest@34123d65]" started-at="2026-05-16T05:51:15 IST" name="setup" finished-at="2026-05-16T05:51:19 IST" duration-ms="4305" status="PASS">
          <reporter-output>
          </reporter-output>
        </test-method> <!-- setup -->
        <test-method signature="verifyValidLogin()[pri:1, instance:com.qa.tests.SauceDemoTest@34123d65]" started-at="2026-05-16T05:51:19 IST" name="verifyValidLogin" finished-at="2026-05-16T05:51:20 IST" duration-ms="693" status="PASS">
          <reporter-output>
          </reporter-output>
        </test-method> <!-- verifyValidLogin -->
        <test-method is-config="true" signature="closeBrowser()[pri:0, instance:com.qa.tests.SauceDemoTest@34123d65]" started-at="2026-05-16T05:51:20 IST" name="closeBrowser" finished-at="2026-05-16T05:51:20 IST" duration-ms="456" status="PASS">
          <reporter-output>
          </reporter-output>
        </test-method> <!-- closeBrowser -->
        <test-method is-config="true" signature="setup()[pri:0, instance:com.qa.tests.SauceDemoTest@34123d65]" started-at="2026-05-16T05:51:20 IST" name="setup" finished-at="2026-05-16T05:51:23 IST" duration-ms="2357" status="PASS">
          <reporter-output>
          </reporter-output>
        </test-method> <!-- setup -->
        <test-method signature="verifyAddProductToCart()[pri:2, instance:com.qa.tests.SauceDemoTest@34123d65]" started-at="2026-05-16T05:51:23 IST" name="verifyAddProductToCart" finished-at="2026-05-16T05:51:24 IST" duration-ms="962" status="PASS">
          <reporter-output>
          </reporter-output>
        </test-method> <!-- verifyAddProductToCart -->
        <test-method is-config="true" signature="closeBrowser()[pri:0, instance:com.qa.tests.SauceDemoTest@34123d65]" started-at="2026-05-16T05:51:24 IST" name="closeBrowser" finished-at="2026-05-16T05:51:24 IST" duration-ms="296" status="PASS">
          <reporter-output>
          </reporter-output>
        </test-method> <!-- closeBrowser -->
        <test-method is-config="true" signature="setup()[pri:0, instance:com.qa.tests.SauceDemoTest@34123d65]" started-at="2026-05-16T05:51:24 IST" name="setup" finished-at="2026-05-16T05:51:26 IST" duration-ms="2206" status="PASS">
          <reporter-output>
          </reporter-output>
        </test-method> <!-- setup -->
        <test-method signature="verifySuccessfulCheckout()[pri:3, instance:com.qa.tests.SauceDemoTest@34123d65]" started-at="2026-05-16T05:51:26 IST" name="verifySuccessfulCheckout" finished-at="2026-05-16T05:51:28 IST" duration-ms="1881" status="PASS">
          <reporter-output>
          </reporter-output>
        </test-method> <!-- verifySuccessfulCheckout -->
        <test-method is-config="true" signature="closeBrowser()[pri:0, instance:com.qa.tests.SauceDemoTest@34123d65]" started-at="2026-05-16T05:51:28 IST" name="closeBrowser" finished-at="2026-05-16T05:51:28 IST" duration-ms="281" status="PASS">
          <reporter-output>
          </reporter-output>
        </test-method> <!-- closeBrowser -->
      </class> <!-- com.qa.tests.SauceDemoTest -->
    </test> <!-- Default test -->
  </suite> <!-- Default suite -->
</testng-results>
