<?xml version="1.0" encoding="UTF-8"?>
<!-- Generated by org.testng.reporters.JUnitReportReporter -->
<testsuite hostname="KALPESH" failures="0" tests="3" name="com.qa.tests.SauceDemoTest" time="13.437" errors="0" timestamp="2026-05-16T05:51:29 IST" skipped="0">
  <testcase classname="com.qa.tests.SauceDemoTest" name="verifyValidLogin" time="3.331"/>
  <testcase classname="com.qa.tests.SauceDemoTest" name="verifyAddProductToCart" time="3.464"/>
  <testcase classname="com.qa.tests.SauceDemoTest" name="verifySuccessfulCheckout" time="6.642"/>
</testsuite> <!-- com.qa.tests.SauceDemoTest -->
